<?xml version="1.0" encoding="UTF-8"?>
<!-- Generated by org.testng.reporters.JUnitReportReporter -->
<testsuite hostname="PAWAN" failures="0" tests="1" name="com.crm.comcast.OrganizationTest.CreateOrganizationWithIndustriesWithTypeTest" time="11.083" errors="0" timestamp="2021-11-03T16:18:35 IST" skipped="0">
  <testcase classname="com.crm.comcast.OrganizationTest.CreateOrganizationWithIndustriesWithTypeTest" name="create_org_test_industry_type" time="11.083"/>
  <system-out/>
</testsuite> <!-- com.crm.comcast.OrganizationTest.CreateOrganizationWithIndustriesWithTypeTest -->
