<?xml version="1.0" encoding="UTF-8"?>
<!-- Generated by org.testng.reporters.JUnitReportReporter -->
<testsuite hostname="PAWAN" failures="0" tests="1" name="com.crm.comcast.Create_Organization_Test.Create_organization_xml_excel_Test" time="14.884" errors="0" timestamp="2021-10-29T17:53:07 IST" skipped="0">
  <testcase classname="com.crm.comcast.Create_Organization_Test.Create_organization_xml_excel_Test" name="read_data_from_xml" time="14.884"/>
  <system-out/>
</testsuite> <!-- com.crm.comcast.Create_Organization_Test.Create_organization_xml_excel_Test -->
