<?xml version="1.0" encoding="UTF-8"?>
<!-- Generated by org.testng.reporters.JUnitReportReporter -->
<testsuite hostname="PAWAN" failures="0" tests="1" name="com.crm.comcast.Create_contact.Create_contact_Test" time="23.566" errors="0" timestamp="2021-10-29T17:47:38 IST" skipped="0">
  <testcase classname="com.crm.comcast.Create_contact.Create_contact_Test" name="create_contact" time="23.566"/>
  <system-out/>
</testsuite> <!-- com.crm.comcast.Create_contact.Create_contact_Test -->
