<?xml version="1.0" encoding="UTF-8"?>
<!-- Generated by org.testng.reporters.JUnitReportReporter -->
<testsuite hostname="PAWAN" failures="0" tests="1" name="com.crm.comcast.Create_Organization_Test.Create_organization_property_excel_Test" time="17.950" errors="0" timestamp="2021-10-29T15:45:49 IST" skipped="0">
  <testcase classname="com.crm.comcast.Create_Organization_Test.Create_organization_property_excel_Test" name="create_org_test" time="17.950"/>
  <system-out/>
</testsuite> <!-- com.crm.comcast.Create_Organization_Test.Create_organization_property_excel_Test -->
