<?xml version="1.0" encoding="UTF-8"?>
<!-- Generated by org.testng.reporters.JUnitReportReporter -->
<testsuite hostname="PAWAN" failures="0" tests="1" name="db_practice.b" time="0.002" errors="0" timestamp="2021-11-08T14:38:39 IST" skipped="0">
  <testcase classname="db_practice.b" name="b1" time="0.002"/>
  <system-out/>
</testsuite> <!-- db_practice.b -->
