<?xml version="1.0" encoding="UTF-8"?>
<!-- Generated by org.testng.reporters.JUnitReportReporter -->
<testsuite hostname="PAWAN" failures="0" tests="1" name="com.crm.comcast.testscript.create_organization_property_excel" time="14.303" errors="0" timestamp="2021-10-28T16:27:23 IST" skipped="0">
  <testcase classname="com.crm.comcast.testscript.create_organization_property_excel" name="create_org_test" time="14.303"/>
  <system-out/>
</testsuite> <!-- com.crm.comcast.testscript.create_organization_property_excel -->
