<?xml version="1.0" encoding="UTF-8"?>
<!-- Generated by org.testng.reporters.JUnitReportReporter -->
<testsuite hostname="PAWAN" failures="0" tests="1" name="com.crm.comcast.ContactTest.CreateOrgTest" time="29.970" errors="0" timestamp="2021-10-30T17:51:20 IST" skipped="0">
  <testcase classname="com.crm.comcast.ContactTest.CreateOrgTest" name="createorgtest" time="29.970"/>
  <system-out/>
</testsuite> <!-- com.crm.comcast.ContactTest.CreateOrgTest -->
