<?xml version="1.0" encoding="UTF-8"?>
<!-- Generated by org.testng.reporters.JUnitReportReporter -->
<testsuite hostname="PAWAN" failures="0" tests="1" name="db_practice.makeMyTrip" time="39.009" errors="0" timestamp="2021-11-09T14:43:59 IST" skipped="0">
  <testcase classname="db_practice.makeMyTrip" name="bookTicket" time="39.009"/>
  <system-out/>
</testsuite> <!-- db_practice.makeMyTrip -->
