<?xml version="1.0" encoding="UTF-8"?>
<!-- Generated by org.testng.reporters.JUnitReportReporter -->
<testsuite hostname="PAWAN" failures="0" tests="1" name="db_practice.OrganizationWebTable" time="13.203" errors="0" timestamp="2021-11-09T16:11:10 IST" skipped="0">
  <testcase classname="db_practice.OrganizationWebTable" name="orgwebtable" time="13.203"/>
  <system-out/>
</testsuite> <!-- db_practice.OrganizationWebTable -->
