<?xml version="1.0" encoding="UTF-8"?>
<!-- Generated by org.testng.reporters.JUnitReportReporter -->
<testsuite hostname="PAWAN" failures="0" tests="2" name="db_practice.a" time="0.016" errors="0" timestamp="2021-11-08T14:38:39 IST" skipped="0">
  <testcase classname="db_practice.a" name="a3" time="0.002"/>
  <system-out/>
  <testcase classname="db_practice.a" name="a1" time="0.014"/>
  <system-out/>
</testsuite> <!-- db_practice.a -->
