<?xml version="1.0" encoding="UTF-8"?>
<!-- Generated by org.testng.reporters.JUnitReportReporter -->
<testsuite hostname="PAWAN" failures="0" tests="1" name="com.crm.comcast.testscript.create_organization_xml_excel" time="19.369" errors="0" timestamp="2021-10-28T16:27:23 IST" skipped="0">
  <testcase classname="com.crm.comcast.testscript.create_organization_xml_excel" name="read_data_from_xml" time="19.369"/>
  <system-out/>
</testsuite> <!-- com.crm.comcast.testscript.create_organization_xml_excel -->
