<?xml version="1.0" encoding="UTF-8"?>
<!-- Generated by org.testng.reporters.JUnitReportReporter -->
<testsuite hostname="PAWAN" failures="0" tests="1" name="com.crm.comcast.OrganizationTest.CreateOrganizationWithIndustriesWithType" time="18.995" errors="0" timestamp="2021-10-30T10:10:19 IST" skipped="0">
  <testcase classname="com.crm.comcast.OrganizationTest.CreateOrganizationWithIndustriesWithType" name="create_org_test_industry_type" time="18.995"/>
  <system-out/>
</testsuite> <!-- com.crm.comcast.OrganizationTest.CreateOrganizationWithIndustriesWithType -->
