<?xml version="1.0" encoding="UTF-8"?>
<!-- Generated by org.testng.reporters.JUnitReportReporter -->
<testsuite hostname="PAWAN" failures="0" tests="1" name="db_practice.OrganizationWebTableGetOrgNames" time="14.282" errors="0" timestamp="2021-11-09T20:00:26 IST" skipped="0">
  <testcase classname="db_practice.OrganizationWebTableGetOrgNames" name="orgwebtable" time="14.282"/>
  <system-out/>
</testsuite> <!-- db_practice.OrganizationWebTableGetOrgNames -->
