<?xml version="1.0" encoding="UTF-8"?>
<!-- Generated by org.testng.reporters.JUnitReportReporter -->
<testsuite hostname="PAWAN" failures="0" tests="1" name="com.crm.comcast.ContactTest.CreateContactWithOrganizationTest" time="17.230" errors="0" timestamp="2021-11-03T16:18:35 IST" skipped="0">
  <testcase classname="com.crm.comcast.ContactTest.CreateContactWithOrganizationTest" name="create_contact_with_organization" time="17.230"/>
  <system-out/>
</testsuite> <!-- com.crm.comcast.ContactTest.CreateContactWithOrganizationTest -->
