<?xml version="1.0" encoding="UTF-8"?>
<!-- Generated by org.testng.reporters.JUnitReportReporter -->
<testsuite hostname="PAWAN" failures="0" tests="1" name="db_practice.OrganizationWebTableRandomCheck" time="11.285" errors="0" timestamp="2021-11-09T20:29:37 IST" skipped="0">
  <testcase classname="db_practice.OrganizationWebTableRandomCheck" name="orgwebtable" time="11.285"/>
  <system-out/>
</testsuite> <!-- db_practice.OrganizationWebTableRandomCheck -->
