<?xml version="1.0" encoding="UTF-8"?>
<!-- Generated by org.testng.reporters.JUnitReportReporter -->
<testsuite hostname="PAWAN" failures="0" tests="1" name="db_practice.ClearTrip" time="8.474" errors="0" timestamp="2021-11-10T10:04:06 IST" skipped="0">
  <testcase classname="db_practice.ClearTrip" name="bookTicket" time="8.474"/>
  <system-out/>
</testsuite> <!-- db_practice.ClearTrip -->
